2024-04-08 16:20:19,744 - twister - INFO - Using Ninja..
2024-04-08 16:20:20,454 - twister - INFO - Zephyr version: v3.4.0-rc1
2024-04-08 16:20:20,638 - twister - DEBUG - Running cmake script D:\UW_assignment\firmware_workspace\zephyr\cmake\verify-toolchain.cmake
2024-04-08 16:20:20,651 - twister - DEBUG - Calling cmake: ['C:\\Program Files\\CMake\\bin\\cmake.EXE', '-DFORMAT=json', '-P', 'D:\\UW_assignment\\firmware_workspace\\zephyr\\cmake\\verify-toolchain.cmake']
2024-04-08 16:20:21,774 - twister - DEBUG - Finished running  D:\UW_assignment\firmware_workspace\zephyr\cmake\verify-toolchain.cmake
2024-04-08 16:20:21,775 - twister - INFO - Using 'zephyr' toolchain.
2024-04-08 16:20:22,168 - twister - DEBUG - Reading test case configuration files under D:\UW_assignment\firmware_workspace\assignment_10\tests...
2024-04-08 16:20:22,169 - twister - DEBUG - Found possible testsuite in D:\UW_assignment\firmware_workspace\assignment_10\tests\lib\custom_lib
2024-04-08 16:20:22,177 - twister - DEBUG - No duplicates found.
2024-04-08 16:20:22,232 - twister - DEBUG - Reading platform configuration files under D:\UW_assignment\firmware_workspace\zephyr\boards...
2024-04-08 16:20:26,537 - twister - DEBUG - adding nsim_hs_mpuv6 to default platforms
2024-04-08 16:20:26,544 - twister - DEBUG - adding nsim_hs_smp to default platforms
2024-04-08 16:20:26,563 - twister - DEBUG - adding nsim_sem to default platforms
2024-04-08 16:20:26,576 - twister - DEBUG - adding qemu_arc_em to default platforms
2024-04-08 16:20:26,583 - twister - DEBUG - adding qemu_arc_hs to default platforms
2024-04-08 16:20:26,590 - twister - DEBUG - adding qemu_arc_hs5x to default platforms
2024-04-08 16:20:26,596 - twister - DEBUG - adding qemu_arc_hs6x to default platforms
2024-04-08 16:20:26,603 - twister - DEBUG - adding qemu_arc_hs_xip to default platforms
2024-04-08 16:20:27,785 - twister - DEBUG - adding kv260_r5 to default platforms
2024-04-08 16:20:28,151 - twister - DEBUG - adding mps2_an385 to default platforms
2024-04-08 16:20:28,215 - twister - DEBUG - adding mps2_an521 to default platforms
2024-04-08 16:20:28,222 - twister - DEBUG - adding mps2_an521_ns to default platforms
2024-04-08 16:20:28,230 - twister - DEBUG - adding mps2_an521_remote to default platforms
2024-04-08 16:20:28,244 - twister - DEBUG - adding mps3_an547_ns to default platforms
2024-04-08 16:20:29,181 - twister - DEBUG - adding qemu_cortex_a9 to default platforms
2024-04-08 16:20:29,187 - twister - DEBUG - adding qemu_cortex_m0 to default platforms
2024-04-08 16:20:29,201 - twister - DEBUG - adding qemu_cortex_r5 to default platforms
2024-04-08 16:20:30,585 - twister - DEBUG - adding qemu_cortex_a53 to default platforms
2024-04-08 16:20:30,592 - twister - DEBUG - adding qemu_cortex_a53_smp to default platforms
2024-04-08 16:20:30,599 - twister - DEBUG - adding qemu_cortex_a53_xip to default platforms
2024-04-08 16:20:30,625 - twister - DEBUG - adding qemu_malta to default platforms
2024-04-08 16:20:30,632 - twister - DEBUG - adding qemu_malta_be to default platforms
2024-04-08 16:20:30,646 - twister - DEBUG - adding qemu_nios2 to default platforms
2024-04-08 16:20:30,653 - twister - DEBUG - adding native_posix to default platforms
2024-04-08 16:20:30,774 - twister - DEBUG - adding m2gl025_miv to default platforms
2024-04-08 16:20:30,812 - twister - DEBUG - adding qemu_riscv32 to default platforms
2024-04-08 16:20:30,819 - twister - DEBUG - adding qemu_riscv32_smp to default platforms
2024-04-08 16:20:30,826 - twister - DEBUG - adding qemu_riscv32_xip to default platforms
2024-04-08 16:20:30,835 - twister - DEBUG - adding qemu_riscv32e to default platforms
2024-04-08 16:20:30,843 - twister - DEBUG - adding qemu_riscv64 to default platforms
2024-04-08 16:20:30,850 - twister - DEBUG - adding qemu_riscv64_smp to default platforms
2024-04-08 16:20:31,015 - twister - DEBUG - adding qemu_leon3 to default platforms
2024-04-08 16:20:31,081 - twister - DEBUG - adding qemu_x86 to default platforms
2024-04-08 16:20:31,088 - twister - DEBUG - adding qemu_x86_64 to default platforms
2024-04-08 16:20:31,096 - twister - DEBUG - adding qemu_x86_64_nokpti to default platforms
2024-04-08 16:20:31,103 - twister - DEBUG - adding qemu_x86_lakemont to default platforms
2024-04-08 16:20:31,112 - twister - DEBUG - adding qemu_x86_nokpti to default platforms
2024-04-08 16:20:31,119 - twister - DEBUG - adding qemu_x86_nommu to default platforms
2024-04-08 16:20:31,149 - twister - DEBUG - adding qemu_x86_nopae to default platforms
2024-04-08 16:20:31,157 - twister - DEBUG - adding qemu_x86_tiny to default platforms
2024-04-08 16:20:31,166 - twister - DEBUG - adding qemu_x86_virt to default platforms
2024-04-08 16:20:31,173 - twister - DEBUG - adding qemu_x86_xip to default platforms
2024-04-08 16:20:31,349 - twister - DEBUG - adding qemu_xtensa to default platforms
2024-04-08 16:20:31,356 - twister - DEBUG - adding xt-sim to default platforms
2024-04-08 16:20:31,356 - twister - DEBUG - Reading platform configuration files under D:\UW_assignment\firmware_workspace\zephyr\scripts\pylib\twister\boards...
2024-04-08 16:20:31,363 - twister - DEBUG - adding unit_testing to default platforms
2024-04-08 16:20:31,364 - twister - DEBUG - Reading platform configuration files under D:\UW_assignment\firmware_workspace\assignment_9\boards...
2024-04-08 16:20:31,385 - twister - DEBUG - platform filter: None
2024-04-08 16:20:31,385 - twister - DEBUG -     arch_filter: None
2024-04-08 16:20:31,386 - twister - DEBUG -      tag_filter: None
2024-04-08 16:20:31,386 - twister - DEBUG -     exclude_tag: None
2024-04-08 16:20:31,386 - twister - INFO - Selecting default platforms per test case
2024-04-08 16:20:31,420 - twister - INFO - Building initial testsuite list...
2024-04-08 16:20:31,421 - twister - INFO - Writing JSON report D:\UW_assignment\firmware_workspace\assignment_10\twister-out\testplan.json
2024-04-08 16:20:31,632 - twister - INFO - Adding tasks to the queue...
2024-04-08 16:20:31,632 - twister - DEBUG - adding qemu_cortex_m0\lib\custom_lib\lib.custom_lib
2024-04-08 16:20:32,056 - twister - DEBUG - adding qemu_cortex_m0\lib\custom_lib\lib.custom_lib.non_default
2024-04-08 16:20:32,056 - twister - INFO - Added initial list of jobs to queue
2024-04-08 16:20:32,056 - twister - DEBUG - Launch process 0
2024-04-08 16:20:32,170 - twister - DEBUG - Launch process 1
2024-04-08 16:20:32,248 - twister - DEBUG - Launch process 2
2024-04-08 16:20:32,327 - twister - DEBUG - Launch process 3
2024-04-08 16:20:32,414 - twister - DEBUG - Launch process 4
2024-04-08 16:20:32,504 - twister - DEBUG - Launch process 5
2024-04-08 16:20:32,603 - twister - DEBUG - Launch process 6
2024-04-08 16:20:32,709 - twister - DEBUG - Launch process 7
2024-04-08 16:21:30,053 - twister - INFO - 2 test scenarios (2 test instances) selected, 0 configurations skipped (0 by static filter, 0 at runtime).
2024-04-08 16:21:30,054 - twister - INFO - [32m2 of 2[39m test configurations passed (100.00%), [39m0[39m failed, [39m0[39m errored, 0 skipped with [39m0[39m warnings in 70.31 seconds
2024-04-08 16:21:30,054 - twister - INFO - In total 2 test cases were executed, 0 skipped on 1 out of total 574 platforms (0.17%)
2024-04-08 16:21:30,054 - twister - INFO - [32m0[39m test configurations executed on platforms, [31m2[39m test configurations were only built.
2024-04-08 16:21:30,055 - twister - INFO - Saving reports...
2024-04-08 16:21:30,055 - twister - INFO - Writing JSON report D:\UW_assignment\firmware_workspace\assignment_10\twister-out\twister.json
2024-04-08 16:21:30,056 - twister - INFO - Writing xunit report D:\UW_assignment\firmware_workspace\assignment_10\twister-out\twister.xml...
2024-04-08 16:21:30,079 - twister - INFO - Writing xunit report D:\UW_assignment\firmware_workspace\assignment_10\twister-out\twister_report.xml...
2024-04-08 16:21:30,081 - twister - DEBUG - lib.custom_lib.get_value: No status
2024-04-08 16:21:30,081 - twister - DEBUG - lib.custom_lib.non_default.get_value: No status
2024-04-08 16:21:30,083 - twister - DEBUG - lib.custom_lib.get_value: No status
2024-04-08 16:21:30,083 - twister - DEBUG - lib.custom_lib.non_default.get_value: No status
2024-04-08 16:21:30,084 - twister - INFO - Run completed
